<?xml version="1.0" encoding="UTF-8"?>
<testsuite xmlns:xsi="http://www.w3.org/2001/XMLSchema-instance" xsi:noNamespaceSchemaLocation="https://maven.apache.org/surefire/maven-surefire-plugin/xsd/surefire-test-report-3.0.xsd" version="3.0" name="com.javatests.j2ee.javatest.LigneFactureTest" time="0.007" tests="4" errors="0" skipped="0" failures="0">
  <properties>
[...]
</properties>
  <testcase name="testAddInvalidLigne" classname="com.javatests.j2ee.javatest.LigneFactureTest" time="0.001"/>
  <testcase name="testRemoveLigne" classname="com.javatests.j2ee.javatest.LigneFactureTest" time="0.001"/>
  <testcase name="testAddLigne" classname="com.javatests.j2ee.javatest.LigneFactureTest" time="0.0"/>
  <testcase name="testClearLignes" classname="com.javatests.j2ee.javatest.LigneFactureTest" time="0.001"/>
</testsuite>